0 info it worked if it ends with ok
1 verbose cli [ '/apps/node-v4.1.2-linux-x64/bin/node',
1 verbose cli   '/apps/node-v4.1.2-linux-x64/bin/npm',
1 verbose cli   'view' ]
2 info using npm@2.14.4
3 info using node@v4.1.2
4 silly mapToRegistry name wine-cellar
5 silly mapToRegistry using default registry
6 silly mapToRegistry registry https://registry.npmjs.org/
7 silly mapToRegistry uri https://registry.npmjs.org/wine-cellar
8 verbose request uri https://registry.npmjs.org/wine-cellar
9 verbose request no auth needed
10 info attempt registry request try #1 at 2:43:14 AM
11 verbose request id e6076335790f83b3
12 http request GET https://registry.npmjs.org/wine-cellar
13 http 404 https://registry.npmjs.org/wine-cellar
14 verbose headers { 'content-type': 'application/json',
14 verbose headers   'cache-control': 'max-age=0',
14 verbose headers   'content-length': '2',
14 verbose headers   'accept-ranges': 'bytes',
14 verbose headers   date: 'Sun, 11 Oct 2015 06:43:15 GMT',
14 verbose headers   via: '1.1 varnish',
14 verbose headers   age: '0',
14 verbose headers   connection: 'keep-alive',
14 verbose headers   'x-served-by': 'cache-jfk1028-JFK',
14 verbose headers   'x-cache': 'MISS',
14 verbose headers   'x-cache-hits': '0',
14 verbose headers   'x-timer': 'S1444545795.036647,VS0,VE88' }
15 silly get cb [ 404,
15 silly get   { 'content-type': 'application/json',
15 silly get     'cache-control': 'max-age=0',
15 silly get     'content-length': '2',
15 silly get     'accept-ranges': 'bytes',
15 silly get     date: 'Sun, 11 Oct 2015 06:43:15 GMT',
15 silly get     via: '1.1 varnish',
15 silly get     age: '0',
15 silly get     connection: 'keep-alive',
15 silly get     'x-served-by': 'cache-jfk1028-JFK',
15 silly get     'x-cache': 'MISS',
15 silly get     'x-cache-hits': '0',
15 silly get     'x-timer': 'S1444545795.036647,VS0,VE88' } ]
16 verbose stack Error: Registry returned 404 for GET on https://registry.npmjs.org/wine-cellar
16 verbose stack     at makeError (/apps/node-v4.1.2-linux-x64/lib/node_modules/npm/node_modules/npm-registry-client/lib/request.js:263:12)
16 verbose stack     at CachingRegistryClient.<anonymous> (/apps/node-v4.1.2-linux-x64/lib/node_modules/npm/node_modules/npm-registry-client/lib/request.js:241:14)
16 verbose stack     at Request._callback (/apps/node-v4.1.2-linux-x64/lib/node_modules/npm/node_modules/npm-registry-client/lib/request.js:171:14)
16 verbose stack     at Request.self.callback (/apps/node-v4.1.2-linux-x64/lib/node_modules/npm/node_modules/request/request.js:198:22)
16 verbose stack     at emitTwo (events.js:87:13)
16 verbose stack     at Request.emit (events.js:172:7)
16 verbose stack     at Request.<anonymous> (/apps/node-v4.1.2-linux-x64/lib/node_modules/npm/node_modules/request/request.js:1073:14)
16 verbose stack     at emitOne (events.js:82:20)
16 verbose stack     at Request.emit (events.js:169:7)
16 verbose stack     at IncomingMessage.<anonymous> (/apps/node-v4.1.2-linux-x64/lib/node_modules/npm/node_modules/request/request.js:1019:12)
17 verbose statusCode 404
18 verbose pkgid wine-cellar
19 verbose cwd /home/hadoop/mongoLab/nodecellar
20 error Linux 3.13.0-24-generic
21 error argv "/apps/node-v4.1.2-linux-x64/bin/node" "/apps/node-v4.1.2-linux-x64/bin/npm" "view"
22 error node v4.1.2
23 error npm  v2.14.4
24 error code E404
25 error 404 Registry returned 404 for GET on https://registry.npmjs.org/wine-cellar
25 error 404
25 error 404 'wine-cellar' is not in the npm registry.
25 error 404 You should bug the author to publish it (or use the name yourself!)
25 error 404
25 error 404 Note that you can also install from a
25 error 404 tarball, folder, http url, or git url.
26 verbose exit [ 1, true ]
